17:00:03.048 [main] INFO  testCases.TC_001_AccRegtest - TC_001_AccRegtest started
17:00:03.230 [main] INFO  testCases.TC_001_AccRegtest - cliked on My account
17:00:03.814 [main] INFO  testCases.TC_001_AccRegtest - clicked on Register
17:00:04.502 [main] INFO  testCases.TC_001_AccRegtest - clicked on continue
17:03:44.541 [main] INFO  testCases.TC_001_AccRegtest - TC_001_AccRegtest started
17:03:44.716 [main] INFO  testCases.TC_001_AccRegtest - cliked on My account
17:03:45.179 [main] INFO  testCases.TC_001_AccRegtest - clicked on Register
17:03:45.785 [main] INFO  testCases.TC_001_AccRegtest - clicked on continue
17:47:50.420 [main] INFO  testCases.TC_001_AccRegtest - TC_001_AccRegtest started
17:47:50.564 [main] INFO  testCases.TC_001_AccRegtest - cliked on My account
17:47:50.997 [main] INFO  testCases.TC_001_AccRegtest - clicked on Register
17:47:51.828 [main] INFO  testCases.TC_001_AccRegtest - clicked on continue
17:53:41.351 [TestNG-tests-1] INFO  testCases.TC_001_AccRegtest - TC_001_AccRegtest started
17:53:41.542 [TestNG-tests-1] INFO  testCases.TC_001_AccRegtest - cliked on My account
17:53:41.960 [TestNG-tests-1] INFO  testCases.TC_001_AccRegtest - clicked on Register
17:53:43.009 [TestNG-tests-1] INFO  testCases.TC_001_AccRegtest - clicked on continue
20:19:29.595 [main] INFO  testCases.TC_001_AccRegtest - TC_001_AccRegtest started
20:19:29.774 [main] INFO  testCases.TC_001_AccRegtest - cliked on My account
20:19:30.274 [main] INFO  testCases.TC_001_AccRegtest - clicked on Register
20:19:30.932 [main] INFO  testCases.TC_001_AccRegtest - clicked on continue
20:19:51.984 [TestNG-tests-1] INFO  testCases.TC_001_AccRegtest - TC_001_AccRegtest started
20:19:52.165 [TestNG-tests-1] INFO  testCases.TC_001_AccRegtest - cliked on My account
20:19:52.732 [TestNG-tests-1] INFO  testCases.TC_001_AccRegtest - clicked on Register
20:19:53.311 [TestNG-tests-1] INFO  testCases.TC_001_AccRegtest - clicked on continue
22:13:21.925 [main] INFO  testCases.TC_001_AccRegtest - TC_001_AccRegtest started
22:13:22.077 [main] INFO  testCases.TC_001_AccRegtest - cliked on My account
22:13:22.564 [main] INFO  testCases.TC_001_AccRegtest - clicked on Register
22:13:23.173 [main] INFO  testCases.TC_001_AccRegtest - clicked on continue
22:16:09.550 [main] INFO  testCases.TC_001_AccRegtest - TC_001_AccRegtest started
22:16:09.732 [main] INFO  testCases.TC_001_AccRegtest - cliked on My account
22:16:10.168 [main] INFO  testCases.TC_001_AccRegtest - clicked on Register
22:16:10.616 [main] INFO  testCases.TC_001_AccRegtest - clicked on continue
23:33:02.471 [main] INFO  testCases.TC_002_Logintest - TC_002_Logintest_started
23:33:02.610 [main] INFO  testCases.TC_002_Logintest - clickedonMyaccount
23:33:03.085 [main] INFO  testCases.TC_002_Logintest - clickedonLogin
23:33:03.214 [main] INFO  testCases.TC_002_Logintest - entered email
23:33:03.317 [main] INFO  testCases.TC_002_Logintest - entered password
23:33:04.025 [main] INFO  testCases.TC_002_Logintest - clickedonLoginonLoginpage
23:33:04.120 [main] INFO  testCases.TC_002_Logintest - TC_002_finished
11:05:50.727 [main] INFO  testCases.TC_003_LoginDataDriventest - TC_003_LoginDataDriventest_started
11:05:51.558 [main] INFO  testCases.TC_003_LoginDataDriventest - TC_003_LoginDataDriventest_started
11:05:52.166 [main] INFO  testCases.TC_003_LoginDataDriventest - TC_003_LoginDataDriventest_started
11:05:52.778 [main] INFO  testCases.TC_003_LoginDataDriventest - TC_003_LoginDataDriventest_started
11:08:53.060 [main] INFO  testCases.TC_003_LoginDataDriventest - TC_003_LoginDataDriventest_started
11:08:55.247 [main] INFO  testCases.TC_003_LoginDataDriventest - TC_003_finished_LoginDataDrivenTest
11:08:55.273 [main] INFO  testCases.TC_003_LoginDataDriventest - TC_003_LoginDataDriventest_started
11:09:06.308 [main] INFO  testCases.TC_003_LoginDataDriventest - TC_003_finished_LoginDataDrivenTest
11:09:06.310 [main] INFO  testCases.TC_003_LoginDataDriventest - TC_003_LoginDataDriventest_started
11:09:17.303 [main] INFO  testCases.TC_003_LoginDataDriventest - TC_003_finished_LoginDataDrivenTest
11:09:17.305 [main] INFO  testCases.TC_003_LoginDataDriventest - TC_003_LoginDataDriventest_started
11:09:19.694 [main] INFO  testCases.TC_003_LoginDataDriventest - TC_003_finished_LoginDataDrivenTest
16:48:20.492 [main] INFO  testCases.TC_001_AccRegtest - TC_001_AccRegtest started
16:48:20.627 [main] INFO  testCases.TC_001_AccRegtest - cliked on My account
16:48:21.337 [main] INFO  testCases.TC_001_AccRegtest - clicked on Register
16:50:05.169 [main] INFO  testCases.TC_001_AccRegtest - TC_001_AccRegtest started
16:50:05.293 [main] INFO  testCases.TC_001_AccRegtest - cliked on My account
16:50:06.021 [main] INFO  testCases.TC_001_AccRegtest - clicked on Register
16:54:03.002 [main] INFO  testCases.TC_002_Logintest - TC_002_Logintest_started
16:54:03.169 [main] INFO  testCases.TC_002_Logintest - clickedonMyaccount
16:54:03.663 [main] INFO  testCases.TC_002_Logintest - clickedonLogin
16:54:03.817 [main] INFO  testCases.TC_002_Logintest - entered email
16:54:03.933 [main] INFO  testCases.TC_002_Logintest - entered password
16:54:04.684 [main] INFO  testCases.TC_002_Logintest - clickedonLoginonLoginpage
16:54:04.821 [main] INFO  testCases.TC_002_Logintest - TC_002_finished
16:54:10.681 [main] INFO  testCases.TC_003_LoginDataDriventest - TC_003_LoginDataDriventest_started
16:54:12.865 [main] INFO  testCases.TC_003_LoginDataDriventest - TC_003_finished_LoginDataDrivenTest
16:54:12.877 [main] INFO  testCases.TC_003_LoginDataDriventest - TC_003_LoginDataDriventest_started
16:54:23.951 [main] INFO  testCases.TC_003_LoginDataDriventest - TC_003_finished_LoginDataDrivenTest
16:54:23.953 [main] INFO  testCases.TC_003_LoginDataDriventest - TC_003_LoginDataDriventest_started
16:54:34.958 [main] INFO  testCases.TC_003_LoginDataDriventest - TC_003_finished_LoginDataDrivenTest
16:54:34.960 [main] INFO  testCases.TC_003_LoginDataDriventest - TC_003_LoginDataDriventest_started
16:54:37.449 [main] INFO  testCases.TC_003_LoginDataDriventest - TC_003_finished_LoginDataDrivenTest
10:24:35.858 [main] INFO  testCases.TC_002_Logintest - TC_002_Logintest_started
10:24:35.990 [main] INFO  testCases.TC_002_Logintest - clickedonMyaccount
10:24:36.458 [main] INFO  testCases.TC_002_Logintest - clickedonLogin
10:24:36.579 [main] INFO  testCases.TC_002_Logintest - entered email
10:24:36.670 [main] INFO  testCases.TC_002_Logintest - entered password
10:24:37.366 [main] INFO  testCases.TC_002_Logintest - clickedonLoginonLoginpage
10:24:37.455 [main] INFO  testCases.TC_002_Logintest - TC_002_finished
10:24:43.452 [main] INFO  testCases.TC_003_LoginDataDriventest - TC_003_LoginDataDriventest_started
10:24:45.684 [main] INFO  testCases.TC_003_LoginDataDriventest - TC_003_finished_LoginDataDrivenTest
10:24:45.693 [main] INFO  testCases.TC_003_LoginDataDriventest - TC_003_LoginDataDriventest_started
10:24:56.766 [main] INFO  testCases.TC_003_LoginDataDriventest - TC_003_finished_LoginDataDrivenTest
10:24:56.768 [main] INFO  testCases.TC_003_LoginDataDriventest - TC_003_LoginDataDriventest_started
10:25:07.872 [main] INFO  testCases.TC_003_LoginDataDriventest - TC_003_finished_LoginDataDrivenTest
10:25:07.874 [main] INFO  testCases.TC_003_LoginDataDriventest - TC_003_LoginDataDriventest_started
10:25:10.403 [main] INFO  testCases.TC_003_LoginDataDriventest - TC_003_finished_LoginDataDrivenTest
10:51:44.036 [main] INFO  testCases.TC_002_Logintest - TC_002_Logintest_started
10:51:44.184 [main] INFO  testCases.TC_002_Logintest - clickedonMyaccount
10:51:44.668 [main] INFO  testCases.TC_002_Logintest - clickedonLogin
10:51:44.829 [main] INFO  testCases.TC_002_Logintest - entered email
10:51:44.937 [main] INFO  testCases.TC_002_Logintest - entered password
10:51:45.682 [main] INFO  testCases.TC_002_Logintest - clickedonLoginonLoginpage
10:51:45.805 [main] INFO  testCases.TC_002_Logintest - TC_002_finished
10:51:51.758 [main] INFO  testCases.TC_003_LoginDataDriventest - TC_003_LoginDataDriventest_started
10:51:54.080 [main] INFO  testCases.TC_003_LoginDataDriventest - TC_003_finished_LoginDataDrivenTest
10:51:54.083 [main] INFO  testCases.TC_003_LoginDataDriventest - TC_003_LoginDataDriventest_started
10:52:05.225 [main] INFO  testCases.TC_003_LoginDataDriventest - TC_003_finished_LoginDataDrivenTest
10:52:05.226 [main] INFO  testCases.TC_003_LoginDataDriventest - TC_003_LoginDataDriventest_started
10:52:16.350 [main] INFO  testCases.TC_003_LoginDataDriventest - TC_003_finished_LoginDataDrivenTest
10:52:16.351 [main] INFO  testCases.TC_003_LoginDataDriventest - TC_003_LoginDataDriventest_started
10:52:18.820 [main] INFO  testCases.TC_003_LoginDataDriventest - TC_003_finished_LoginDataDrivenTest
10:55:40.085 [main] INFO  testCases.TC_002_Logintest - TC_002_Logintest_started
10:55:40.242 [main] INFO  testCases.TC_002_Logintest - clickedonMyaccount
10:55:40.778 [main] INFO  testCases.TC_002_Logintest - clickedonLogin
10:55:40.966 [main] INFO  testCases.TC_002_Logintest - entered email
10:55:41.133 [main] INFO  testCases.TC_002_Logintest - entered password
10:55:41.926 [main] INFO  testCases.TC_002_Logintest - clickedonLoginonLoginpage
10:55:42.049 [main] INFO  testCases.TC_002_Logintest - TC_002_finished
10:55:48.320 [main] INFO  testCases.TC_003_LoginDataDriventest - TC_003_LoginDataDriventest_started
10:55:50.805 [main] INFO  testCases.TC_003_LoginDataDriventest - TC_003_finished_LoginDataDrivenTest
10:55:50.811 [main] INFO  testCases.TC_003_LoginDataDriventest - TC_003_LoginDataDriventest_started
10:55:55.847 [main] INFO  testCases.TC_003_LoginDataDriventest - TC_003_finished_LoginDataDrivenTest
10:55:55.851 [main] INFO  testCases.TC_003_LoginDataDriventest - TC_003_LoginDataDriventest_started
11:00:45.934 [main] INFO  testCases.TC_002_Logintest - TC_002_Logintest_started
11:00:46.089 [main] INFO  testCases.TC_002_Logintest - clickedonMyaccount
11:00:46.568 [main] INFO  testCases.TC_002_Logintest - clickedonLogin
11:00:46.715 [main] INFO  testCases.TC_002_Logintest - entered email
11:00:46.809 [main] INFO  testCases.TC_002_Logintest - entered password
11:00:47.522 [main] INFO  testCases.TC_002_Logintest - clickedonLoginonLoginpage
11:00:47.619 [main] INFO  testCases.TC_002_Logintest - TC_002_finished
11:00:53.544 [main] INFO  testCases.TC_003_LoginDataDriventest - TC_003_LoginDataDriventest_started
11:00:55.953 [main] INFO  testCases.TC_003_LoginDataDriventest - TC_003_finished_LoginDataDrivenTest
11:00:55.957 [main] INFO  testCases.TC_003_LoginDataDriventest - TC_003_LoginDataDriventest_started
11:01:07.292 [main] INFO  testCases.TC_003_LoginDataDriventest - TC_003_finished_LoginDataDrivenTest
11:01:07.293 [main] INFO  testCases.TC_003_LoginDataDriventest - TC_003_LoginDataDriventest_started
11:01:18.381 [main] INFO  testCases.TC_003_LoginDataDriventest - TC_003_finished_LoginDataDrivenTest
11:01:18.382 [main] INFO  testCases.TC_003_LoginDataDriventest - TC_003_LoginDataDriventest_started
11:01:20.878 [main] INFO  testCases.TC_003_LoginDataDriventest - TC_003_finished_LoginDataDrivenTest
11:39:10.465 [main] INFO  testCases.TC_002_Logintest - TC_002_Logintest_started
11:39:10.599 [main] INFO  testCases.TC_002_Logintest - clickedonMyaccount
11:39:11.081 [main] INFO  testCases.TC_002_Logintest - clickedonLogin
11:39:11.243 [main] INFO  testCases.TC_002_Logintest - entered email
11:39:11.346 [main] INFO  testCases.TC_002_Logintest - entered password
11:39:12.058 [main] INFO  testCases.TC_002_Logintest - clickedonLoginonLoginpage
11:39:12.159 [main] INFO  testCases.TC_002_Logintest - TC_002_finished
11:39:17.898 [main] INFO  testCases.TC_003_LoginDataDriventest - TC_003_LoginDataDriventest_started
11:39:20.088 [main] INFO  testCases.TC_003_LoginDataDriventest - TC_003_finished_LoginDataDrivenTest
11:39:20.092 [main] INFO  testCases.TC_003_LoginDataDriventest - TC_003_LoginDataDriventest_started
11:39:31.232 [main] INFO  testCases.TC_003_LoginDataDriventest - TC_003_finished_LoginDataDrivenTest
11:39:31.233 [main] INFO  testCases.TC_003_LoginDataDriventest - TC_003_LoginDataDriventest_started
11:39:42.336 [main] INFO  testCases.TC_003_LoginDataDriventest - TC_003_finished_LoginDataDrivenTest
11:39:42.336 [main] INFO  testCases.TC_003_LoginDataDriventest - TC_003_LoginDataDriventest_started
11:39:44.873 [main] INFO  testCases.TC_003_LoginDataDriventest - TC_003_finished_LoginDataDrivenTest
11:40:14.817 [main] INFO  testCases.TC_002_Logintest - TC_002_Logintest_started
11:40:14.959 [main] INFO  testCases.TC_002_Logintest - clickedonMyaccount
11:40:15.431 [main] INFO  testCases.TC_002_Logintest - clickedonLogin
11:40:15.557 [main] INFO  testCases.TC_002_Logintest - entered email
11:40:15.656 [main] INFO  testCases.TC_002_Logintest - entered password
11:40:16.375 [main] INFO  testCases.TC_002_Logintest - clickedonLoginonLoginpage
11:40:16.474 [main] INFO  testCases.TC_002_Logintest - TC_002_finished
11:40:22.866 [main] INFO  testCases.TC_003_LoginDataDriventest - TC_003_LoginDataDriventest_started
11:40:25.177 [main] INFO  testCases.TC_003_LoginDataDriventest - TC_003_finished_LoginDataDrivenTest
11:40:25.182 [main] INFO  testCases.TC_003_LoginDataDriventest - TC_003_LoginDataDriventest_started
11:40:36.329 [main] INFO  testCases.TC_003_LoginDataDriventest - TC_003_finished_LoginDataDrivenTest
11:40:36.331 [main] INFO  testCases.TC_003_LoginDataDriventest - TC_003_LoginDataDriventest_started
11:40:47.397 [main] INFO  testCases.TC_003_LoginDataDriventest - TC_003_finished_LoginDataDrivenTest
11:40:47.398 [main] INFO  testCases.TC_003_LoginDataDriventest - TC_003_LoginDataDriventest_started
11:40:49.862 [main] INFO  testCases.TC_003_LoginDataDriventest - TC_003_finished_LoginDataDrivenTest
11:45:55.186 [main] INFO  testCases.TC_002_Logintest - TC_002_Logintest_started
11:45:55.328 [main] INFO  testCases.TC_002_Logintest - clickedonMyaccount
11:45:55.797 [main] INFO  testCases.TC_002_Logintest - clickedonLogin
11:45:55.936 [main] INFO  testCases.TC_002_Logintest - entered email
11:45:56.037 [main] INFO  testCases.TC_002_Logintest - entered password
11:45:56.760 [main] INFO  testCases.TC_002_Logintest - clickedonLoginonLoginpage
11:45:56.891 [main] INFO  testCases.TC_002_Logintest - TC_002_finished
11:46:02.436 [main] INFO  testCases.TC_003_LoginDataDriventest - TC_003_LoginDataDriventest_started
11:46:04.622 [main] INFO  testCases.TC_003_LoginDataDriventest - TC_003_finished_LoginDataDrivenTest
11:46:04.626 [main] INFO  testCases.TC_003_LoginDataDriventest - TC_003_LoginDataDriventest_started
11:46:15.687 [main] INFO  testCases.TC_003_LoginDataDriventest - TC_003_finished_LoginDataDrivenTest
11:46:15.689 [main] INFO  testCases.TC_003_LoginDataDriventest - TC_003_LoginDataDriventest_started
11:46:26.725 [main] INFO  testCases.TC_003_LoginDataDriventest - TC_003_finished_LoginDataDrivenTest
11:46:26.726 [main] INFO  testCases.TC_003_LoginDataDriventest - TC_003_LoginDataDriventest_started
11:46:29.251 [main] INFO  testCases.TC_003_LoginDataDriventest - TC_003_finished_LoginDataDrivenTest
